<?xml version="1.0" encoding="UTF-8"?>
<!-- Generated by org.testng.reporters.JUnitReportReporter -->
<testsuite skipped="0" hostname="Mds-MacBook-Pro" name="com.usa.Myrunner.Zooplarunner" tests="1" failures="0" timestamp="5 May 2020 03:47:27 GMT" time="18.451" errors="0">
  <testcase name="feature" time="18.451" classname="com.usa.Myrunner.Zooplarunner"/>
</testsuite> <!-- com.usa.Myrunner.Zooplarunner -->
